<?xml version="1.0" encoding="UTF-8"?>
<testsuite xmlns:xsi="http://www.w3.org/2001/XMLSchema-instance" xsi:noNamespaceSchemaLocation="https://maven.apache.org/surefire/maven-surefire-plugin/xsd/surefire-test-report-3.0.xsd" version="3.0" name="com.minidooray.accountapi.impl.AccountServiceImplTest" time="5.718" tests="15" errors="0" skipped="0" failures="0">
  <properties>
[...]
</properties>
  <testcase name="testConvertToResponseAccountDto" classname="com.minidooray.accountapi.impl.AccountServiceImplTest" time="0.014">
    <system-out><![CDATA[02:36:01.302 [main] DEBUG org.springframework.test.context.BootstrapUtils - Instantiating CacheAwareContextLoaderDelegate from class [org.springframework.test.context.cache.DefaultCacheAwareContextLoaderDelegate]
02:36:01.310 [main] DEBUG org.springframework.test.context.BootstrapUtils - Instantiating BootstrapContext using constructor [public org.springframework.test.context.support.DefaultBootstrapContext(java.lang.Class,org.springframework.test.context.CacheAwareContextLoaderDelegate)]
02:36:01.353 [main] DEBUG org.springframework.test.context.BootstrapUtils - Instantiating TestContextBootstrapper for test class [com.minidooray.accountapi.impl.AccountServiceImplTest] from class [org.springframework.boot.test.context.SpringBootTestContextBootstrapper]
02:36:01.370 [main] INFO org.springframework.boot.test.context.SpringBootTestContextBootstrapper - Neither @ContextConfiguration nor @ContextHierarchy found for test class [com.minidooray.accountapi.impl.AccountServiceImplTest], using SpringBootContextLoader
02:36:01.374 [main] DEBUG org.springframework.test.context.support.AbstractContextLoader - Did not detect default resource location for test class [com.minidooray.accountapi.impl.AccountServiceImplTest]: class path resource [com/minidooray/accountapi/impl/AccountServiceImplTest-context.xml] does not exist
02:36:01.374 [main] DEBUG org.springframework.test.context.support.AbstractContextLoader - Did not detect default resource location for test class [com.minidooray.accountapi.impl.AccountServiceImplTest]: class path resource [com/minidooray/accountapi/impl/AccountServiceImplTestContext.groovy] does not exist
02:36:01.374 [main] INFO org.springframework.test.context.support.AbstractContextLoader - Could not detect default resource locations for test class [com.minidooray.accountapi.impl.AccountServiceImplTest]: no resource found for suffixes {-context.xml, Context.groovy}.
02:36:01.375 [main] INFO org.springframework.test.context.support.AnnotationConfigContextLoaderUtils - Could not detect default configuration classes for test class [com.minidooray.accountapi.impl.AccountServiceImplTest]: AccountServiceImplTest does not declare any static, non-private, non-final, nested classes annotated with @Configuration.
02:36:01.414 [main] DEBUG org.springframework.test.context.support.ActiveProfilesUtils - Could not find an 'annotation declaring class' for annotation type [org.springframework.test.context.ActiveProfiles] and class [com.minidooray.accountapi.impl.AccountServiceImplTest]
02:36:01.536 [main] DEBUG org.springframework.context.annotation.ClassPathScanningCandidateComponentProvider - Identified candidate component class: file [/Users/bae/Documents/mini-dooray/account-api/target/classes/com/minidooray/accountapi/AccountApiApplication.class]
02:36:01.536 [main] INFO org.springframework.boot.test.context.SpringBootTestContextBootstrapper - Found @SpringBootConfiguration com.minidooray.accountapi.AccountApiApplication for test class com.minidooray.accountapi.impl.AccountServiceImplTest
02:36:01.602 [main] DEBUG org.springframework.boot.test.context.SpringBootTestContextBootstrapper - @TestExecutionListeners is not present for class [com.minidooray.accountapi.impl.AccountServiceImplTest]: using defaults.
02:36:01.602 [main] INFO org.springframework.boot.test.context.SpringBootTestContextBootstrapper - Loaded default TestExecutionListener class names from location [META-INF/spring.factories]: [org.springframework.boot.test.mock.mockito.MockitoTestExecutionListener, org.springframework.boot.test.mock.mockito.ResetMocksTestExecutionListener, org.springframework.boot.test.autoconfigure.restdocs.RestDocsTestExecutionListener, org.springframework.boot.test.autoconfigure.web.client.MockRestServiceServerResetTestExecutionListener, org.springframework.boot.test.autoconfigure.web.servlet.MockMvcPrintOnlyOnFailureTestExecutionListener, org.springframework.boot.test.autoconfigure.web.servlet.WebDriverTestExecutionListener, org.springframework.boot.test.autoconfigure.webservices.client.MockWebServiceServerTestExecutionListener, org.springframework.test.context.web.ServletTestExecutionListener, org.springframework.test.context.support.DirtiesContextBeforeModesTestExecutionListener, org.springframework.test.context.event.ApplicationEventsTestExecutionListener, org.springframework.test.context.support.DependencyInjectionTestExecutionListener, org.springframework.test.context.support.DirtiesContextTestExecutionListener, org.springframework.test.context.transaction.TransactionalTestExecutionListener, org.springframework.test.context.jdbc.SqlScriptsTestExecutionListener, org.springframework.test.context.event.EventPublishingTestExecutionListener]
02:36:01.618 [main] INFO org.springframework.boot.test.context.SpringBootTestContextBootstrapper - Using TestExecutionListeners: [org.springframework.test.context.web.ServletTestExecutionListener@e9ef5b6, org.springframework.test.context.support.DirtiesContextBeforeModesTestExecutionListener@5300cac, org.springframework.test.context.event.ApplicationEventsTestExecutionListener@4110765e, org.springframework.boot.test.mock.mockito.MockitoTestExecutionListener@1ba359bd, org.springframework.boot.test.autoconfigure.SpringBootDependencyInjectionTestExecutionListener@62e93c3a, org.springframework.test.context.support.DirtiesContextTestExecutionListener@673919a7, org.springframework.test.context.transaction.TransactionalTestExecutionListener@25d93198, org.springframework.test.context.jdbc.SqlScriptsTestExecutionListener@2436ea2f, org.springframework.test.context.event.EventPublishingTestExecutionListener@f951a7f, org.springframework.boot.test.mock.mockito.ResetMocksTestExecutionListener@20cece0b, org.springframework.boot.test.autoconfigure.restdocs.RestDocsTestExecutionListener@4c777e7b, org.springframework.boot.test.autoconfigure.web.client.MockRestServiceServerResetTestExecutionListener@5f038248, org.springframework.boot.test.autoconfigure.web.servlet.MockMvcPrintOnlyOnFailureTestExecutionListener@78e22d35, org.springframework.boot.test.autoconfigure.web.servlet.WebDriverTestExecutionListener@2e8a1ab4, org.springframework.boot.test.autoconfigure.webservices.client.MockWebServiceServerTestExecutionListener@59f93db8]
02:36:01.621 [main] DEBUG org.springframework.test.context.support.AbstractDirtiesContextTestExecutionListener - Before test class: context [DefaultTestContext@5b3a7ef5 testClass = AccountServiceImplTest, testInstance = [null], testMethod = [null], testException = [null], mergedContextConfiguration = [WebMergedContextConfiguration@8851ce1 testClass = AccountServiceImplTest, locations = '{}', classes = '{class com.minidooray.accountapi.AccountApiApplication}', contextInitializerClasses = '[]', activeProfiles = '{}', propertySourceLocations = '{}', propertySourceProperties = '{org.springframework.boot.test.context.SpringBootTestContextBootstrapper=true}', contextCustomizers = set[[ImportsContextCustomizer@2d9dff65 key = [org.springframework.boot.test.autoconfigure.web.servlet.MockMvcAutoConfiguration, org.springframework.boot.test.autoconfigure.web.servlet.MockMvcWebClientAutoConfiguration, org.springframework.boot.test.autoconfigure.web.servlet.MockMvcWebDriverAutoConfiguration, org.springframework.boot.autoconfigure.security.oauth2.client.servlet.OAuth2ClientAutoConfiguration, org.springframework.boot.autoconfigure.security.oauth2.resource.servlet.OAuth2ResourceServerAutoConfiguration, org.springframework.boot.autoconfigure.security.servlet.SecurityAutoConfiguration, org.springframework.boot.autoconfigure.security.servlet.SecurityFilterAutoConfiguration, org.springframework.boot.autoconfigure.security.servlet.UserDetailsServiceAutoConfiguration, org.springframework.boot.test.autoconfigure.web.servlet.MockMvcSecurityConfiguration, org.springframework.boot.test.autoconfigure.web.reactive.WebTestClientAutoConfiguration]], org.springframework.boot.test.context.filter.ExcludeFilterContextCustomizer@a8a8b75, org.springframework.boot.test.json.DuplicateJsonObjectContextCustomizerFactory$DuplicateJsonObjectContextCustomizer@27cbfddf, org.springframework.boot.test.mock.mockito.MockitoContextCustomizer@0, org.springframework.boot.test.web.client.TestRestTemplateContextCustomizer@433e536f, org.springframework.boot.test.autoconfigure.actuate.metrics.MetricsExportContextCustomizerFactory$DisableMetricExportContextCustomizer@58f174d9, org.springframework.boot.test.autoconfigure.properties.PropertyMappingContextCustomizer@4b3fa0b3, org.springframework.boot.test.autoconfigure.web.servlet.WebDriverContextCustomizerFactory$Customizer@5d05ef57, org.springframework.boot.test.context.SpringBootTestArgs@1, org.springframework.boot.test.context.SpringBootTestWebEnvironment@70cf32e3], resourceBasePath = 'src/main/webapp', contextLoader = 'org.springframework.boot.test.context.SpringBootContextLoader', parent = [null]], attributes = map['org.springframework.test.context.web.ServletTestExecutionListener.activateListener' -> true]], class annotated with @DirtiesContext [false] with mode [null].

  .   ____          _            __ _ _
 /\\ / ___'_ __ _ _(_)_ __  __ _ \ \ \ \
( ( )\___ | '_ | '_| | '_ \/ _` | \ \ \ \
 \\/  ___)| |_)| | | | | || (_| |  ) ) ) )
  '  |____| .__|_| |_|_| |_\__, | / / / /
 =========|_|==============|___/=/_/_/_/
 :: Spring Boot ::               (v2.7.12)

2023-06-14 02:36:01.792  INFO 87227 --- [           main] c.m.a.impl.AccountServiceImplTest        : Starting AccountServiceImplTest using Java 17.0.6 on 192.168.nate.com with PID 87227 (started by bae in /Users/bae/Documents/mini-dooray/account-api)
2023-06-14 02:36:01.793  INFO 87227 --- [           main] c.m.a.impl.AccountServiceImplTest        : No active profile set, falling back to 1 default profile: "default"
2023-06-14 02:36:02.069  INFO 87227 --- [           main] .s.d.r.c.RepositoryConfigurationDelegate : Bootstrapping Spring Data JPA repositories in DEFAULT mode.
2023-06-14 02:36:02.095  INFO 87227 --- [           main] .s.d.r.c.RepositoryConfigurationDelegate : Finished Spring Data repository scanning in 21 ms. Found 3 JPA repository interfaces.
2023-06-14 02:36:03.369  INFO 87227 --- [           main] o.hibernate.jpa.internal.util.LogHelper  : HHH000204: Processing PersistenceUnitInfo [name: default]
2023-06-14 02:36:03.406  INFO 87227 --- [           main] org.hibernate.Version                    : HHH000412: Hibernate ORM core version 5.6.1.Final
2023-06-14 02:36:03.505  INFO 87227 --- [           main] o.hibernate.annotations.common.Version   : HCANN000001: Hibernate Commons Annotations {5.1.2.Final}
2023-06-14 02:36:03.601  INFO 87227 --- [           main] org.hibernate.dialect.Dialect            : HHH000400: Using dialect: org.hibernate.dialect.MySQL8Dialect
2023-06-14 02:36:04.449  INFO 87227 --- [           main] o.h.e.t.j.p.i.JtaPlatformInitiator       : HHH000490: Using JtaPlatform implementation: [org.hibernate.engine.transaction.jta.platform.internal.NoJtaPlatform]
2023-06-14 02:36:04.455  INFO 87227 --- [           main] j.LocalContainerEntityManagerFactoryBean : Initialized JPA EntityManagerFactory for persistence unit 'default'
2023-06-14 02:36:04.778  WARN 87227 --- [           main] JpaBaseConfiguration$JpaWebConfiguration : spring.jpa.open-in-view is enabled by default. Therefore, database queries may be performed during view rendering. Explicitly configure spring.jpa.open-in-view to disable this warning
2023-06-14 02:36:05.011  INFO 87227 --- [           main] o.s.b.t.m.w.SpringBootMockServletContext : Initializing Spring TestDispatcherServlet ''
2023-06-14 02:36:05.011  INFO 87227 --- [           main] o.s.t.web.servlet.TestDispatcherServlet  : Initializing Servlet ''
2023-06-14 02:36:05.012  INFO 87227 --- [           main] o.s.t.web.servlet.TestDispatcherServlet  : Completed initialization in 1 ms
2023-06-14 02:36:05.023  INFO 87227 --- [           main] c.m.a.impl.AccountServiceImplTest        : Started AccountServiceImplTest in 3.381 seconds (JVM running for 4.365)
]]></system-out>
  </testcase>
  <testcase name="testExistId" classname="com.minidooray.accountapi.impl.AccountServiceImplTest" time="0.253">
    <system-out><![CDATA[Hibernate: select count(account0_.account_seq) as col_0_0_ from account account0_ where account0_.id=?
]]></system-out>
  </testcase>
  <testcase name="testGetPassword" classname="com.minidooray.accountapi.impl.AccountServiceImplTest" time="0.005"/>
  <testcase name="testGetEmail" classname="com.minidooray.accountapi.impl.AccountServiceImplTest" time="0.002"/>
  <testcase name="testAccessTimeCalculator" classname="com.minidooray.accountapi.impl.AccountServiceImplTest" time="0.023"/>
  <testcase name="testGetAccountByEmail" classname="com.minidooray.accountapi.impl.AccountServiceImplTest" time="0.012"/>
  <testcase name="testGetAccountById" classname="com.minidooray.accountapi.impl.AccountServiceImplTest" time="0.49">
    <system-out><![CDATA[Hibernate: select account0_.account_seq as account_1_0_, account0_.id as id2_0_, account0_.name as name3_0_, account0_.password as password4_0_ from account account0_ where account0_.id=?
Hibernate: select accountsta0_.account_seq as account_1_1_0_, accountsta0_.last_access_date as last_acc2_1_0_, accountsta0_.status as status3_1_0_ from account_status accountsta0_ where accountsta0_.account_seq=?
Hibernate: select additional0_.additional_info_seq as addition1_2_0_, additional0_.account_seq as account_4_2_0_, additional0_.email as email2_2_0_, additional0_.phone_number as phone_nu3_2_0_ from additional_info additional0_ where additional0_.account_seq=?
]]></system-out>
  </testcase>
  <testcase name="testGetAccount" classname="com.minidooray.accountapi.impl.AccountServiceImplTest" time="0.002"/>
  <testcase name="testGetAccountId" classname="com.minidooray.accountapi.impl.AccountServiceImplTest" time="0.001"/>
  <testcase name="testExistEmail" classname="com.minidooray.accountapi.impl.AccountServiceImplTest" time="0.379">
    <system-out><![CDATA[Hibernate: select count(account0_.account_seq) as col_0_0_ from account account0_ inner join additional_info additional1_ on account0_.account_seq=additional1_.account_seq where additional1_.email=?
]]></system-out>
  </testcase>
  <testcase name="testRegister" classname="com.minidooray.accountapi.impl.AccountServiceImplTest" time="0.008"/>
  <testcase name="testExistLoginAccount" classname="com.minidooray.accountapi.impl.AccountServiceImplTest" time="0.461">
    <system-out><![CDATA[Hibernate: select account0_.account_seq as account_1_0_, account0_.id as id2_0_, account0_.name as name3_0_, account0_.password as password4_0_ from account account0_ where account0_.id=?
Hibernate: select accountsta0_.account_seq as account_1_1_0_, accountsta0_.last_access_date as last_acc2_1_0_, accountsta0_.status as status3_1_0_ from account_status accountsta0_ where accountsta0_.account_seq=?
Hibernate: select additional0_.additional_info_seq as addition1_2_0_, additional0_.account_seq as account_4_2_0_, additional0_.email as email2_2_0_, additional0_.phone_number as phone_nu3_2_0_ from additional_info additional0_ where additional0_.account_seq=?
]]></system-out>
  </testcase>
  <testcase name="testDeleteAccount" classname="com.minidooray.accountapi.impl.AccountServiceImplTest" time="0.006"/>
  <testcase name="testUpdateAccessDate" classname="com.minidooray.accountapi.impl.AccountServiceImplTest" time="0.024"/>
  <testcase name="testUpdate" classname="com.minidooray.accountapi.impl.AccountServiceImplTest" time="0.002"/>
</testsuite>