<?xml version="1.0" encoding="UTF-8"?>
<testsuite xmlns:xsi="http://www.w3.org/2001/XMLSchema-instance" xsi:noNamespaceSchemaLocation="https://maven.apache.org/surefire/maven-surefire-plugin/xsd/surefire-test-report-3.0.xsd" version="3.0" name="com.minidooray.accountapi.controller.AccountControllerTest" time="2.915" tests="13" errors="0" skipped="0" failures="0">
  <properties>
[...]
</properties>
  <testcase name="testGetPassword" classname="com.minidooray.accountapi.controller.AccountControllerTest" time="0.035">
    <system-out><![CDATA[00:44:43.259 [main] DEBUG org.springframework.test.context.BootstrapUtils - Instantiating CacheAwareContextLoaderDelegate from class [org.springframework.test.context.cache.DefaultCacheAwareContextLoaderDelegate]
00:44:43.263 [main] DEBUG org.springframework.test.context.BootstrapUtils - Instantiating BootstrapContext using constructor [public org.springframework.test.context.support.DefaultBootstrapContext(java.lang.Class,org.springframework.test.context.CacheAwareContextLoaderDelegate)]
00:44:43.276 [main] DEBUG org.springframework.test.context.BootstrapUtils - Instantiating TestContextBootstrapper for test class [com.minidooray.accountapi.controller.AccountControllerTest] from class [org.springframework.boot.test.context.SpringBootTestContextBootstrapper]
00:44:43.280 [main] INFO org.springframework.boot.test.context.SpringBootTestContextBootstrapper - Neither @ContextConfiguration nor @ContextHierarchy found for test class [com.minidooray.accountapi.controller.AccountControllerTest], using SpringBootContextLoader
00:44:43.282 [main] DEBUG org.springframework.test.context.support.AbstractContextLoader - Did not detect default resource location for test class [com.minidooray.accountapi.controller.AccountControllerTest]: class path resource [com/minidooray/accountapi/controller/AccountControllerTest-context.xml] does not exist
00:44:43.282 [main] DEBUG org.springframework.test.context.support.AbstractContextLoader - Did not detect default resource location for test class [com.minidooray.accountapi.controller.AccountControllerTest]: class path resource [com/minidooray/accountapi/controller/AccountControllerTestContext.groovy] does not exist
00:44:43.282 [main] INFO org.springframework.test.context.support.AbstractContextLoader - Could not detect default resource locations for test class [com.minidooray.accountapi.controller.AccountControllerTest]: no resource found for suffixes {-context.xml, Context.groovy}.
00:44:43.282 [main] INFO org.springframework.test.context.support.AnnotationConfigContextLoaderUtils - Could not detect default configuration classes for test class [com.minidooray.accountapi.controller.AccountControllerTest]: AccountControllerTest does not declare any static, non-private, non-final, nested classes annotated with @Configuration.
00:44:43.302 [main] DEBUG org.springframework.test.context.support.ActiveProfilesUtils - Could not find an 'annotation declaring class' for annotation type [org.springframework.test.context.ActiveProfiles] and class [com.minidooray.accountapi.controller.AccountControllerTest]
00:44:43.327 [main] DEBUG org.springframework.context.annotation.ClassPathScanningCandidateComponentProvider - Identified candidate component class: file [/Users/bae/Documents/mini-dooray/account-api/target/classes/com/minidooray/accountapi/AccountApiApplication.class]
00:44:43.328 [main] INFO org.springframework.boot.test.context.SpringBootTestContextBootstrapper - Found @SpringBootConfiguration com.minidooray.accountapi.AccountApiApplication for test class com.minidooray.accountapi.controller.AccountControllerTest
00:44:43.354 [main] DEBUG org.springframework.boot.test.context.SpringBootTestContextBootstrapper - @TestExecutionListeners is not present for class [com.minidooray.accountapi.controller.AccountControllerTest]: using defaults.
00:44:43.354 [main] INFO org.springframework.boot.test.context.SpringBootTestContextBootstrapper - Loaded default TestExecutionListener class names from location [META-INF/spring.factories]: [org.springframework.boot.test.mock.mockito.MockitoTestExecutionListener, org.springframework.boot.test.mock.mockito.ResetMocksTestExecutionListener, org.springframework.boot.test.autoconfigure.restdocs.RestDocsTestExecutionListener, org.springframework.boot.test.autoconfigure.web.client.MockRestServiceServerResetTestExecutionListener, org.springframework.boot.test.autoconfigure.web.servlet.MockMvcPrintOnlyOnFailureTestExecutionListener, org.springframework.boot.test.autoconfigure.web.servlet.WebDriverTestExecutionListener, org.springframework.boot.test.autoconfigure.webservices.client.MockWebServiceServerTestExecutionListener, org.springframework.test.context.web.ServletTestExecutionListener, org.springframework.test.context.support.DirtiesContextBeforeModesTestExecutionListener, org.springframework.test.context.event.ApplicationEventsTestExecutionListener, org.springframework.test.context.support.DependencyInjectionTestExecutionListener, org.springframework.test.context.support.DirtiesContextTestExecutionListener, org.springframework.test.context.transaction.TransactionalTestExecutionListener, org.springframework.test.context.jdbc.SqlScriptsTestExecutionListener, org.springframework.test.context.event.EventPublishingTestExecutionListener]
00:44:43.359 [main] INFO org.springframework.boot.test.context.SpringBootTestContextBootstrapper - Using TestExecutionListeners: [org.springframework.test.context.web.ServletTestExecutionListener@6aa3a905, org.springframework.test.context.support.DirtiesContextBeforeModesTestExecutionListener@a22cb6a, org.springframework.test.context.event.ApplicationEventsTestExecutionListener@5dd1c9f2, org.springframework.boot.test.mock.mockito.MockitoTestExecutionListener@59b38691, org.springframework.boot.test.autoconfigure.SpringBootDependencyInjectionTestExecutionListener@2e2ff723, org.springframework.test.context.support.DirtiesContextTestExecutionListener@324a0017, org.springframework.test.context.transaction.TransactionalTestExecutionListener@6187d1f5, org.springframework.test.context.jdbc.SqlScriptsTestExecutionListener@2445445a, org.springframework.test.context.event.EventPublishingTestExecutionListener@7502291e, org.springframework.boot.test.mock.mockito.ResetMocksTestExecutionListener@17aad511, org.springframework.boot.test.autoconfigure.restdocs.RestDocsTestExecutionListener@487db668, org.springframework.boot.test.autoconfigure.web.client.MockRestServiceServerResetTestExecutionListener@46944ca9, org.springframework.boot.test.autoconfigure.web.servlet.MockMvcPrintOnlyOnFailureTestExecutionListener@22bac7bc, org.springframework.boot.test.autoconfigure.web.servlet.WebDriverTestExecutionListener@63798ca7, org.springframework.boot.test.autoconfigure.webservices.client.MockWebServiceServerTestExecutionListener@4612b856]
00:44:43.361 [main] DEBUG org.springframework.test.context.support.AbstractDirtiesContextTestExecutionListener - Before test class: context [DefaultTestContext@2a898881 testClass = AccountControllerTest, testInstance = [null], testMethod = [null], testException = [null], mergedContextConfiguration = [WebMergedContextConfiguration@16c63f5 testClass = AccountControllerTest, locations = '{}', classes = '{class com.minidooray.accountapi.AccountApiApplication}', contextInitializerClasses = '[]', activeProfiles = '{}', propertySourceLocations = '{}', propertySourceProperties = '{org.springframework.boot.test.context.SpringBootTestContextBootstrapper=true}', contextCustomizers = set[[ImportsContextCustomizer@35229f85 key = [org.springframework.boot.test.autoconfigure.web.servlet.MockMvcAutoConfiguration, org.springframework.boot.test.autoconfigure.web.servlet.MockMvcWebClientAutoConfiguration, org.springframework.boot.test.autoconfigure.web.servlet.MockMvcWebDriverAutoConfiguration, org.springframework.boot.autoconfigure.security.oauth2.client.servlet.OAuth2ClientAutoConfiguration, org.springframework.boot.autoconfigure.security.oauth2.resource.servlet.OAuth2ResourceServerAutoConfiguration, org.springframework.boot.autoconfigure.security.servlet.SecurityAutoConfiguration, org.springframework.boot.autoconfigure.security.servlet.SecurityFilterAutoConfiguration, org.springframework.boot.autoconfigure.security.servlet.UserDetailsServiceAutoConfiguration, org.springframework.boot.test.autoconfigure.web.servlet.MockMvcSecurityConfiguration, org.springframework.boot.test.autoconfigure.web.reactive.WebTestClientAutoConfiguration]], org.springframework.boot.test.context.filter.ExcludeFilterContextCustomizer@413d1baf, org.springframework.boot.test.json.DuplicateJsonObjectContextCustomizerFactory$DuplicateJsonObjectContextCustomizer@5524cca1, org.springframework.boot.test.mock.mockito.MockitoContextCustomizer@fa9eedcb, org.springframework.boot.test.web.client.TestRestTemplateContextCustomizer@23e84203, org.springframework.boot.test.autoconfigure.actuate.metrics.MetricsExportContextCustomizerFactory$DisableMetricExportContextCustomizer@1040be71, org.springframework.boot.test.autoconfigure.properties.PropertyMappingContextCustomizer@4b3fa0b3, org.springframework.boot.test.autoconfigure.web.servlet.WebDriverContextCustomizerFactory$Customizer@4d1bf319, org.springframework.boot.test.context.SpringBootTestArgs@1, org.springframework.boot.test.context.SpringBootTestWebEnvironment@1d7acb34], resourceBasePath = 'src/main/webapp', contextLoader = 'org.springframework.boot.test.context.SpringBootContextLoader', parent = [null]], attributes = map['org.springframework.test.context.web.ServletTestExecutionListener.activateListener' -> true]], class annotated with @DirtiesContext [false] with mode [null].

  .   ____          _            __ _ _
 /\\ / ___'_ __ _ _(_)_ __  __ _ \ \ \ \
( ( )\___ | '_ | '_| | '_ \/ _` | \ \ \ \
 \\/  ___)| |_)| | | | | || (_| |  ) ) ) )
  '  |____| .__|_| |_|_| |_\__, | / / / /
 =========|_|==============|___/=/_/_/_/
 :: Spring Boot ::               (v2.7.12)

2023-06-13 00:44:43.469  INFO 77211 --- [           main] c.m.a.controller.AccountControllerTest   : Starting AccountControllerTest using Java 17.0.6 on 192.168.nate.com with PID 77211 (started by bae in /Users/bae/Documents/mini-dooray/account-api)
2023-06-13 00:44:43.469  INFO 77211 --- [           main] c.m.a.controller.AccountControllerTest   : No active profile set, falling back to 1 default profile: "default"
2023-06-13 00:44:43.629  INFO 77211 --- [           main] .s.d.r.c.RepositoryConfigurationDelegate : Bootstrapping Spring Data JPA repositories in DEFAULT mode.
2023-06-13 00:44:43.646  INFO 77211 --- [           main] .s.d.r.c.RepositoryConfigurationDelegate : Finished Spring Data repository scanning in 14 ms. Found 3 JPA repository interfaces.
2023-06-13 00:44:44.872  INFO 77211 --- [           main] o.hibernate.jpa.internal.util.LogHelper  : HHH000204: Processing PersistenceUnitInfo [name: default]
2023-06-13 00:44:44.894  INFO 77211 --- [           main] org.hibernate.Version                    : HHH000412: Hibernate ORM core version 5.6.1.Final
2023-06-13 00:44:44.907  INFO 77211 --- [           main] o.hibernate.annotations.common.Version   : HCANN000001: Hibernate Commons Annotations {5.1.2.Final}
2023-06-13 00:44:44.992  INFO 77211 --- [           main] org.hibernate.dialect.Dialect            : HHH000400: Using dialect: org.hibernate.dialect.MySQL8Dialect
2023-06-13 00:44:45.575  INFO 77211 --- [           main] o.h.e.t.j.p.i.JtaPlatformInitiator       : HHH000490: Using JtaPlatform implementation: [org.hibernate.engine.transaction.jta.platform.internal.NoJtaPlatform]
2023-06-13 00:44:45.580  INFO 77211 --- [           main] j.LocalContainerEntityManagerFactoryBean : Initialized JPA EntityManagerFactory for persistence unit 'default'
2023-06-13 00:44:45.796  WARN 77211 --- [           main] JpaBaseConfiguration$JpaWebConfiguration : spring.jpa.open-in-view is enabled by default. Therefore, database queries may be performed during view rendering. Explicitly configure spring.jpa.open-in-view to disable this warning
2023-06-13 00:44:45.988  INFO 77211 --- [           main] o.s.b.t.m.w.SpringBootMockServletContext : Initializing Spring TestDispatcherServlet ''
2023-06-13 00:44:45.989  INFO 77211 --- [           main] o.s.t.web.servlet.TestDispatcherServlet  : Initializing Servlet ''
2023-06-13 00:44:45.989  INFO 77211 --- [           main] o.s.t.web.servlet.TestDispatcherServlet  : Completed initialization in 0 ms
2023-06-13 00:44:45.997  INFO 77211 --- [           main] c.m.a.controller.AccountControllerTest   : Started AccountControllerTest in 2.623 seconds (JVM running for 3.026)
]]></system-out>
  </testcase>
  <testcase name="testGetEmail" classname="com.minidooray.accountapi.controller.AccountControllerTest" time="0.002"/>
  <testcase name="testGetAccountByEmail" classname="com.minidooray.accountapi.controller.AccountControllerTest" time="0.03"/>
  <testcase name="testExistsId" classname="com.minidooray.accountapi.controller.AccountControllerTest" time="0.002"/>
  <testcase name="testLogin_Success" classname="com.minidooray.accountapi.controller.AccountControllerTest" time="0.018"/>
  <testcase name="testGetAccountById" classname="com.minidooray.accountapi.controller.AccountControllerTest" time="0.003"/>
  <testcase name="testGetAccount" classname="com.minidooray.accountapi.controller.AccountControllerTest" time="0.005"/>
  <testcase name="testGetAccountId" classname="com.minidooray.accountapi.controller.AccountControllerTest" time="0.002"/>
  <testcase name="testUpdateAccount" classname="com.minidooray.accountapi.controller.AccountControllerTest" time="0.003"/>
  <testcase name="testRegister" classname="com.minidooray.accountapi.controller.AccountControllerTest" time="0.002"/>
  <testcase name="testDeleteAccount" classname="com.minidooray.accountapi.controller.AccountControllerTest" time="0.004"/>
  <testcase name="testExistsEmail" classname="com.minidooray.accountapi.controller.AccountControllerTest" time="0.007"/>
  <testcase name="testLogin_Fail" classname="com.minidooray.accountapi.controller.AccountControllerTest" time="0.003"/>
</testsuite>